android/app/build/intermediates/manifest_merge_blame_file/release/manifest-merger-blame-release-report.txt
1<?xml version="1.0" encoding="utf-8"?>
2<manifest xmlns:android="http://schemas.android.com/apk/res/android"
3    package="com.chat"
4    android:versionCode="1"
5    android:versionName="1.0" >
6
7    <uses-sdk
8        android:minSdkVersion="16"
8-->src/main/AndroidManifest.xml
9        android:targetSdkVersion="29" />
9-->src/main/AndroidManifest.xml
10
11    <uses-permission android:name="android.permission.INTERNET" />
11-->src/main/AndroidManifest.xml:2:2-64
11-->src/main/AndroidManifest.xml:2:19-61
12    <uses-permission android:name="android.permission.CAMERA" />
12-->src/main/AndroidManifest.xml:3:2-62
12-->src/main/AndroidManifest.xml:3:19-59
13    <uses-permission android:name="com.chat.permission.C2D_MESSAGE" />
13-->src/main/AndroidManifest.xml:4:19-73
14    <uses-permission android:name="android.permission.SYSTEM_ALERT_WINDOW" />
14-->src/main/AndroidManifest.xml:5:2-75
14-->src/main/AndroidManifest.xml:5:19-72
15    <uses-permission android:name="android.permission.RECEIVE_BOOT_COMPLETED" />
15-->src/main/AndroidManifest.xml:6:2-78
15-->src/main/AndroidManifest.xml:6:19-75
16    <uses-permission android:name="android.permission.VIBRATE" />
16-->src/main/AndroidManifest.xml:7:2-63
16-->src/main/AndroidManifest.xml:7:19-60
17
18    <uses-feature
18-->src/main/AndroidManifest.xml:8:2-82
19        android:name="android.hardware.camera"
19-->src/main/AndroidManifest.xml:8:16-54
20        android:required="false" />
20-->src/main/AndroidManifest.xml:8:55-79
21    <uses-feature
21-->src/main/AndroidManifest.xml:9:2-88
22        android:name="android.hardware.camera.front"
22-->src/main/AndroidManifest.xml:9:16-60
23        android:required="false" />
23-->src/main/AndroidManifest.xml:9:61-85
24
25    <uses-permission android:name="android.permission.ACCESS_NETWORK_STATE" />
25-->[:react-native-firebase_analytics] AndroidManifest.xml:9:5-79
25-->[:react-native-firebase_analytics] AndroidManifest.xml:9:22-76
26    <uses-permission android:name="android.permission.WAKE_LOCK" /> <!-- TODO(salakar) Not sure if this should be part of the package manifest or leave to users app manifest code? -->
26-->[:react-native-firebase_analytics] AndroidManifest.xml:11:5-68
26-->[:react-native-firebase_analytics] AndroidManifest.xml:11:22-65
27    <uses-permission android:name="android.permission.READ_EXTERNAL_STORAGE" />
27-->[:react-native-firebase_storage] AndroidManifest.xml:13:5-80
27-->[:react-native-firebase_storage] AndroidManifest.xml:13:22-77
28    <uses-permission android:name="android.permission.WRITE_EXTERNAL_STORAGE" />
28-->[:react-native-firebase_storage] AndroidManifest.xml:14:5-81
28-->[:react-native-firebase_storage] AndroidManifest.xml:14:22-78
29
30    <queries>
30-->[:react-native-image-crop-picker] AndroidManifest.xml:9:5-13:15
31        <intent>
31-->[:react-native-image-crop-picker] AndroidManifest.xml:10:9-12:18
32            <action android:name="android.media.action.IMAGE_CAPTURE" />
32-->[:react-native-image-crop-picker] AndroidManifest.xml:11:13-73
32-->[:react-native-image-crop-picker] AndroidManifest.xml:11:21-70
33        </intent>
34    </queries> <!-- Required by older versions of Google Play services to create IID tokens -->
35    <uses-permission android:name="com.google.android.c2dm.permission.RECEIVE" />
35-->[com.google.firebase:firebase-messaging:21.1.0] AndroidManifest.xml:25:5-82
35-->[com.google.firebase:firebase-messaging:21.1.0] AndroidManifest.xml:25:22-79
36    <uses-permission android:name="com.google.android.finsky.permission.BIND_GET_INSTALL_REFERRER_SERVICE" /> <!-- for android -->
36-->[com.google.android.gms:play-services-measurement:18.0.2] AndroidManifest.xml:26:5-110
36-->[com.google.android.gms:play-services-measurement:18.0.2] AndroidManifest.xml:26:22-107
37    <!-- <uses-permission android:name="com.android.launcher.permission.READ_SETTINGS"/> -->
38    <!-- <uses-permission android:name="com.android.launcher.permission.WRITE_SETTINGS"/> -->
39    <!-- <uses-permission android:name="com.android.launcher.permission.INSTALL_SHORTCUT" /> -->
40    <!-- <uses-permission android:name="com.android.launcher.permission.UNINSTALL_SHORTCUT" /> -->
41    <!-- for Samsung -->
42    <uses-permission android:name="com.sec.android.provider.badge.permission.READ" />
42-->[me.leolin:ShortcutBadger:1.1.22] AndroidManifest.xml:19:5-86
42-->[me.leolin:ShortcutBadger:1.1.22] AndroidManifest.xml:19:22-83
43    <uses-permission android:name="com.sec.android.provider.badge.permission.WRITE" /> <!-- for htc -->
43-->[me.leolin:ShortcutBadger:1.1.22] AndroidManifest.xml:20:5-87
43-->[me.leolin:ShortcutBadger:1.1.22] AndroidManifest.xml:20:22-84
44    <uses-permission android:name="com.htc.launcher.permission.READ_SETTINGS" />
44-->[me.leolin:ShortcutBadger:1.1.22] AndroidManifest.xml:23:5-81
44-->[me.leolin:ShortcutBadger:1.1.22] AndroidManifest.xml:23:22-78
45    <uses-permission android:name="com.htc.launcher.permission.UPDATE_SHORTCUT" /> <!-- for sony -->
45-->[me.leolin:ShortcutBadger:1.1.22] AndroidManifest.xml:24:5-83
45-->[me.leolin:ShortcutBadger:1.1.22] AndroidManifest.xml:24:22-80
46    <uses-permission android:name="com.sonyericsson.home.permission.BROADCAST_BADGE" />
46-->[me.leolin:ShortcutBadger:1.1.22] AndroidManifest.xml:27:5-88
46-->[me.leolin:ShortcutBadger:1.1.22] AndroidManifest.xml:27:22-85
47    <uses-permission android:name="com.sonymobile.home.permission.PROVIDER_INSERT_BADGE" /> <!-- for apex -->
47-->[me.leolin:ShortcutBadger:1.1.22] AndroidManifest.xml:28:5-92
47-->[me.leolin:ShortcutBadger:1.1.22] AndroidManifest.xml:28:22-89
48    <uses-permission android:name="com.anddoes.launcher.permission.UPDATE_COUNT" /> <!-- for solid -->
48-->[me.leolin:ShortcutBadger:1.1.22] AndroidManifest.xml:31:5-84
48-->[me.leolin:ShortcutBadger:1.1.22] AndroidManifest.xml:31:22-81
49    <uses-permission android:name="com.majeur.launcher.permission.UPDATE_BADGE" /> <!-- for huawei -->
49-->[me.leolin:ShortcutBadger:1.1.22] AndroidManifest.xml:34:5-83
49-->[me.leolin:ShortcutBadger:1.1.22] AndroidManifest.xml:34:22-80
50    <uses-permission android:name="com.huawei.android.launcher.permission.CHANGE_BADGE" />
50-->[me.leolin:ShortcutBadger:1.1.22] AndroidManifest.xml:37:5-91
50-->[me.leolin:ShortcutBadger:1.1.22] AndroidManifest.xml:37:22-88
51    <uses-permission android:name="com.huawei.android.launcher.permission.READ_SETTINGS" />
51-->[me.leolin:ShortcutBadger:1.1.22] AndroidManifest.xml:38:5-92
51-->[me.leolin:ShortcutBadger:1.1.22] AndroidManifest.xml:38:22-89
52    <uses-permission android:name="com.huawei.android.launcher.permission.WRITE_SETTINGS" /> <!-- for ZUK -->
52-->[me.leolin:ShortcutBadger:1.1.22] AndroidManifest.xml:39:5-93
52-->[me.leolin:ShortcutBadger:1.1.22] AndroidManifest.xml:39:22-90
53    <uses-permission android:name="android.permission.READ_APP_BADGE" /> <!-- for OPPO -->
53-->[me.leolin:ShortcutBadger:1.1.22] AndroidManifest.xml:42:5-73
53-->[me.leolin:ShortcutBadger:1.1.22] AndroidManifest.xml:42:22-70
54    <uses-permission android:name="com.oppo.launcher.permission.READ_SETTINGS" />
54-->[me.leolin:ShortcutBadger:1.1.22] AndroidManifest.xml:45:5-82
54-->[me.leolin:ShortcutBadger:1.1.22] AndroidManifest.xml:45:22-79
55    <uses-permission android:name="com.oppo.launcher.permission.WRITE_SETTINGS" /> <!-- for EvMe -->
55-->[me.leolin:ShortcutBadger:1.1.22] AndroidManifest.xml:46:5-83
55-->[me.leolin:ShortcutBadger:1.1.22] AndroidManifest.xml:46:22-80
56    <uses-permission android:name="me.everything.badger.permission.BADGE_COUNT_READ" />
56-->[me.leolin:ShortcutBadger:1.1.22] AndroidManifest.xml:49:5-88
56-->[me.leolin:ShortcutBadger:1.1.22] AndroidManifest.xml:49:22-85
57    <uses-permission android:name="me.everything.badger.permission.BADGE_COUNT_WRITE" />
57-->[me.leolin:ShortcutBadger:1.1.22] AndroidManifest.xml:50:5-89
57-->[me.leolin:ShortcutBadger:1.1.22] AndroidManifest.xml:50:22-86
58
59    <application
59-->src/main/AndroidManifest.xml:10:2-39:16
60        android:name="com.chat.MainApplication"
60-->src/main/AndroidManifest.xml:10:15-46
61        android:allowBackup="false"
61-->src/main/AndroidManifest.xml:10:161-188
62        android:appComponentFactory="androidx.core.app.CoreComponentFactory"
62-->[androidx.core:core:1.1.0] AndroidManifest.xml:24:18-86
63        android:icon="@mipmap/ic_launcher"
63-->src/main/AndroidManifest.xml:10:80-114
64        android:label="@string/app_name"
64-->src/main/AndroidManifest.xml:10:47-79
65        android:roundIcon="@mipmap/ic_launcher_round"
65-->src/main/AndroidManifest.xml:10:115-160
66        android:theme="@style/AppTheme" >
66-->src/main/AndroidManifest.xml:10:189-220
67        <activity
67-->src/main/AndroidManifest.xml:11:3-16:14
68            android:name="com.chat.MainActivity"
68-->src/main/AndroidManifest.xml:11:13-41
69            android:configChanges="keyboard|keyboardHidden|orientation|screenSize|uiMode"
69-->src/main/AndroidManifest.xml:11:75-152
70            android:label="@string/app_name"
70-->src/main/AndroidManifest.xml:11:42-74
71            android:launchMode="singleTask"
71-->src/main/AndroidManifest.xml:11:153-184
72            android:windowSoftInputMode="adjustResize" >
72-->src/main/AndroidManifest.xml:11:185-227
73            <intent-filter>
73-->src/main/AndroidManifest.xml:12:4-15:20
74                <action android:name="android.intent.action.MAIN" />
74-->src/main/AndroidManifest.xml:13:5-57
74-->src/main/AndroidManifest.xml:13:13-54
75
76                <category android:name="android.intent.category.LAUNCHER" />
76-->src/main/AndroidManifest.xml:14:5-65
76-->src/main/AndroidManifest.xml:14:15-62
77            </intent-filter>
78        </activity>
79
80        <meta-data
80-->src/main/AndroidManifest.xml:17:3-142
81            android:name="com.dieam.reactnativepushnotification.notification_channel_name"
81-->src/main/AndroidManifest.xml:17:14-92
82            android:value="YOUR NOTIFICATION CHANNEL NAME" />
82-->src/main/AndroidManifest.xml:17:93-139
83        <meta-data
83-->src/main/AndroidManifest.xml:18:3-156
84            android:name="com.dieam.reactnativepushnotification.notification_channel_description"
84-->src/main/AndroidManifest.xml:18:14-99
85            android:value="YOUR NOTIFICATION CHANNEL DESCRIPTION" />
85-->src/main/AndroidManifest.xml:18:100-153
86        <meta-data
86-->src/main/AndroidManifest.xml:19:3-128
87            android:name="com.dieam.reactnativepushnotification.notification_color"
87-->src/main/AndroidManifest.xml:19:14-85
88            android:resource="@android:color/white" />
88-->src/main/AndroidManifest.xml:19:86-125
89
90        <receiver
90-->src/main/AndroidManifest.xml:20:3-25:14
91            android:name="com.google.android.gms.gcm.GcmReceiver"
91-->src/main/AndroidManifest.xml:20:13-66
92            android:exported="true"
92-->src/main/AndroidManifest.xml:20:67-90
93            android:permission="com.google.android.c2dm.permission.SEND" >
93-->src/main/AndroidManifest.xml:20:91-151
94            <intent-filter>
94-->src/main/AndroidManifest.xml:21:4-24:20
95                <action android:name="com.google.android.c2dm.intent.RECEIVE" />
95-->src/main/AndroidManifest.xml:22:5-69
95-->src/main/AndroidManifest.xml:22:13-66
96
97                <category android:name="com.chat" />
97-->src/main/AndroidManifest.xml:23:15-46
98            </intent-filter>
99        </receiver>
100        <receiver android:name="com.dieam.reactnativepushnotification.modules.RNPushNotificationPublisher" />
100-->src/main/AndroidManifest.xml:26:3-104
100-->src/main/AndroidManifest.xml:26:13-101
101        <receiver android:name="com.dieam.reactnativepushnotification.modules.RNPushNotificationBootEventReceiver" >
101-->src/main/AndroidManifest.xml:27:3-31:14
101-->src/main/AndroidManifest.xml:27:13-109
102            <intent-filter>
102-->src/main/AndroidManifest.xml:28:4-30:20
103                <action android:name="android.intent.action.BOOT_COMPLETED" />
103-->src/main/AndroidManifest.xml:29:5-67
103-->src/main/AndroidManifest.xml:29:13-64
104            </intent-filter>
105        </receiver>
106
107        <service android:name="com.dieam.reactnativepushnotification.modules.RNPushNotificationRegistrationService" />
107-->src/main/AndroidManifest.xml:32:3-113
107-->src/main/AndroidManifest.xml:32:12-110
108        <service
108-->src/main/AndroidManifest.xml:33:3-37:13
109            android:name="com.dieam.reactnativepushnotification.modules.RNPushNotificationListenerService"
109-->src/main/AndroidManifest.xml:33:12-106
110            android:exported="false" >
110-->src/main/AndroidManifest.xml:33:107-131
111            <intent-filter>
111-->src/main/AndroidManifest.xml:34:4-36:20
112                <action android:name="com.google.firebase.MESSAGING_EVENT" />
112-->src/main/AndroidManifest.xml:35:5-66
112-->src/main/AndroidManifest.xml:35:13-63
113            </intent-filter>
114        </service>
115
116        <activity android:name="com.facebook.react.devsupport.DevSettingsActivity" />
116-->src/main/AndroidManifest.xml:38:3-80
116-->src/main/AndroidManifest.xml:38:13-77
117
118        <meta-data
118-->[:react-native-firebase_analytics] AndroidManifest.xml:14:9-16:36
119            android:name="firebase_analytics_collection_enabled"
119-->[:react-native-firebase_analytics] AndroidManifest.xml:15:13-65
120            android:value="true" />
120-->[:react-native-firebase_analytics] AndroidManifest.xml:16:13-33
121
122        <service android:name="io.invertase.firebase.messaging.ReactNativeFirebaseMessagingHeadlessService" />
122-->[:react-native-firebase_messaging] AndroidManifest.xml:14:9-111
122-->[:react-native-firebase_messaging] AndroidManifest.xml:14:18-108
123        <service
123-->[:react-native-firebase_messaging] AndroidManifest.xml:15:9-21:19
124            android:name="io.invertase.firebase.messaging.ReactNativeFirebaseMessagingService"
124-->[:react-native-firebase_messaging] AndroidManifest.xml:16:13-95
125            android:exported="false" >
125-->[:react-native-firebase_messaging] AndroidManifest.xml:17:13-37
126            <intent-filter>
126-->src/main/AndroidManifest.xml:34:4-36:20
127                <action android:name="com.google.firebase.MESSAGING_EVENT" />
127-->src/main/AndroidManifest.xml:35:5-66
127-->src/main/AndroidManifest.xml:35:13-63
128            </intent-filter>
129        </service>
130
131        <receiver
131-->[:react-native-firebase_messaging] AndroidManifest.xml:23:9-30:20
132            android:name="io.invertase.firebase.messaging.ReactNativeFirebaseMessagingReceiver"
132-->[:react-native-firebase_messaging] AndroidManifest.xml:24:13-96
133            android:exported="true"
133-->[:react-native-firebase_messaging] AndroidManifest.xml:25:13-36
134            android:permission="com.google.android.c2dm.permission.SEND" >
134-->[:react-native-firebase_messaging] AndroidManifest.xml:26:13-73
135            <intent-filter>
135-->[:react-native-firebase_messaging] AndroidManifest.xml:27:13-29:29
136                <action android:name="com.google.android.c2dm.intent.RECEIVE" />
136-->src/main/AndroidManifest.xml:22:5-69
136-->src/main/AndroidManifest.xml:22:13-66
137            </intent-filter>
138        </receiver>
139
140        <meta-data
140-->[:react-native-firebase_messaging] AndroidManifest.xml:32:9-34:36
141            android:name="firebase_messaging_auto_init_enabled"
141-->[:react-native-firebase_messaging] AndroidManifest.xml:33:13-64
142            android:value="true" />
142-->[:react-native-firebase_messaging] AndroidManifest.xml:34:13-33
143        <meta-data
143-->[:react-native-firebase_messaging] AndroidManifest.xml:35:9-37:32
144            android:name="com.google.firebase.messaging.default_notification_channel_id"
144-->[:react-native-firebase_messaging] AndroidManifest.xml:36:13-89
145            android:value="" />
145-->[:react-native-firebase_messaging] AndroidManifest.xml:37:13-29
146        <meta-data
146-->[:react-native-firebase_messaging] AndroidManifest.xml:38:9-40:47
147            android:name="com.google.firebase.messaging.default_notification_color"
147-->[:react-native-firebase_messaging] AndroidManifest.xml:39:13-84
148            android:resource="@color/white" />
148-->[:react-native-firebase_messaging] AndroidManifest.xml:40:13-44
149
150        <provider
150-->[:react-native-image-crop-picker] AndroidManifest.xml:18:9-26:20
151            android:name="androidx.core.content.FileProvider"
151-->[:react-native-image-crop-picker] AndroidManifest.xml:19:13-62
152            android:authorities="com.chat.provider"
152-->[:react-native-image-crop-picker] AndroidManifest.xml:20:13-60
153            android:exported="false"
153-->[:react-native-image-crop-picker] AndroidManifest.xml:21:13-37
154            android:grantUriPermissions="true" >
154-->[:react-native-image-crop-picker] AndroidManifest.xml:22:13-47
155            <meta-data
155-->[:react-native-image-crop-picker] AndroidManifest.xml:23:13-25:58
156                android:name="android.support.FILE_PROVIDER_PATHS"
156-->[:react-native-image-crop-picker] AndroidManifest.xml:24:17-67
157                android:resource="@xml/provider_paths" />
157-->[:react-native-image-crop-picker] AndroidManifest.xml:25:17-55
158        </provider>
159
160        <activity
160-->[:react-native-image-crop-picker] AndroidManifest.xml:28:9-30:72
161            android:name="com.yalantis.ucrop.UCropActivity"
161-->[:react-native-image-crop-picker] AndroidManifest.xml:29:13-60
162            android:theme="@style/Theme.AppCompat.Light.NoActionBar" />
162-->[:react-native-image-crop-picker] AndroidManifest.xml:30:13-69
163
164        <service
164-->[com.google.firebase:firebase-firestore:22.1.2] AndroidManifest.xml:17:9-23:19
165            android:name="com.google.firebase.components.ComponentDiscoveryService"
165-->[com.google.firebase:firebase-firestore:22.1.2] AndroidManifest.xml:18:13-84
166            android:directBootAware="true"
166-->[com.google.firebase:firebase-common:19.5.0] AndroidManifest.xml:35:13-43
167            android:exported="false" >
167-->[com.google.firebase:firebase-firestore:22.1.2] AndroidManifest.xml:19:13-37
168            <meta-data
168-->[com.google.firebase:firebase-firestore:22.1.2] AndroidManifest.xml:20:13-22:85
169                android:name="com.google.firebase.components:com.google.firebase.firestore.FirestoreRegistrar"
169-->[com.google.firebase:firebase-firestore:22.1.2] AndroidManifest.xml:21:17-111
170                android:value="com.google.firebase.components.ComponentRegistrar" />
170-->[com.google.firebase:firebase-firestore:22.1.2] AndroidManifest.xml:22:17-82
171            <meta-data
171-->[com.google.firebase:firebase-messaging:21.1.0] AndroidManifest.xml:52:13-54:85
172                android:name="com.google.firebase.components:com.google.firebase.messaging.FirebaseMessagingRegistrar"
172-->[com.google.firebase:firebase-messaging:21.1.0] AndroidManifest.xml:53:17-119
173                android:value="com.google.firebase.components.ComponentRegistrar" />
173-->[com.google.firebase:firebase-messaging:21.1.0] AndroidManifest.xml:54:17-82
174            <meta-data
174-->[com.google.firebase:firebase-datatransport:17.0.10] AndroidManifest.xml:28:13-30:85
175                android:name="com.google.firebase.components:com.google.firebase.datatransport.TransportRegistrar"
175-->[com.google.firebase:firebase-datatransport:17.0.10] AndroidManifest.xml:29:17-115
176                android:value="com.google.firebase.components.ComponentRegistrar" />
176-->[com.google.firebase:firebase-datatransport:17.0.10] AndroidManifest.xml:30:17-82
177            <meta-data
177-->[com.google.firebase:firebase-auth:20.0.3] AndroidManifest.xml:77:13-79:85
178                android:name="com.google.firebase.components:com.google.firebase.auth.FirebaseAuthRegistrar"
178-->[com.google.firebase:firebase-auth:20.0.3] AndroidManifest.xml:78:17-109
179                android:value="com.google.firebase.components.ComponentRegistrar" />
179-->[com.google.firebase:firebase-auth:20.0.3] AndroidManifest.xml:79:17-82
180            <meta-data
180-->[com.google.firebase:firebase-storage:19.2.2] AndroidManifest.xml:33:13-35:85
181                android:name="com.google.firebase.components:com.google.firebase.storage.StorageRegistrar"
181-->[com.google.firebase:firebase-storage:19.2.2] AndroidManifest.xml:34:17-107
182                android:value="com.google.firebase.components.ComponentRegistrar" />
182-->[com.google.firebase:firebase-storage:19.2.2] AndroidManifest.xml:35:17-82
183            <meta-data
183-->[com.google.firebase:firebase-database:19.7.0] AndroidManifest.xml:32:13-34:85
184                android:name="com.google.firebase.components:com.google.firebase.database.DatabaseRegistrar"
184-->[com.google.firebase:firebase-database:19.7.0] AndroidManifest.xml:33:17-109
185                android:value="com.google.firebase.components.ComponentRegistrar" />
185-->[com.google.firebase:firebase-database:19.7.0] AndroidManifest.xml:34:17-82
186            <meta-data
186-->[com.google.firebase:firebase-iid:21.1.0] AndroidManifest.xml:32:13-34:85
187                android:name="com.google.firebase.components:com.google.firebase.iid.Registrar"
187-->[com.google.firebase:firebase-iid:21.1.0] AndroidManifest.xml:33:17-96
188                android:value="com.google.firebase.components.ComponentRegistrar" />
188-->[com.google.firebase:firebase-iid:21.1.0] AndroidManifest.xml:34:17-82
189            <meta-data
189-->[com.google.android.gms:play-services-measurement-api:18.0.2] AndroidManifest.xml:30:13-32:85
190                android:name="com.google.firebase.components:com.google.firebase.analytics.connector.internal.AnalyticsConnectorRegistrar"
190-->[com.google.android.gms:play-services-measurement-api:18.0.2] AndroidManifest.xml:31:17-139
191                android:value="com.google.firebase.components.ComponentRegistrar" />
191-->[com.google.android.gms:play-services-measurement-api:18.0.2] AndroidManifest.xml:32:17-82
192            <meta-data
192-->[com.google.firebase:firebase-installations:16.3.5] AndroidManifest.xml:18:13-20:85
193                android:name="com.google.firebase.components:com.google.firebase.installations.FirebaseInstallationsRegistrar"
193-->[com.google.firebase:firebase-installations:16.3.5] AndroidManifest.xml:19:17-127
194                android:value="com.google.firebase.components.ComponentRegistrar" />
194-->[com.google.firebase:firebase-installations:16.3.5] AndroidManifest.xml:20:17-82
195            <!--
196                This registrar is not defined in the dynamic-module-support sdk itself to allow non-firebase
197                clients to use it as well, by defining this registrar in their own core/common library.
198            -->
199            <meta-data
199-->[com.google.firebase:firebase-common:19.5.0] AndroidManifest.xml:43:13-45:85
200                android:name="com.google.firebase.components:com.google.firebase.dynamicloading.DynamicLoadingRegistrar"
200-->[com.google.firebase:firebase-common:19.5.0] AndroidManifest.xml:44:17-121
201                android:value="com.google.firebase.components.ComponentRegistrar" />
201-->[com.google.firebase:firebase-common:19.5.0] AndroidManifest.xml:45:17-82
202        </service>
203
204        <receiver
204-->[com.google.firebase:firebase-messaging:21.1.0] AndroidManifest.xml:28:9-35:20
205            android:name="com.google.firebase.iid.FirebaseInstanceIdReceiver"
205-->[com.google.firebase:firebase-messaging:21.1.0] AndroidManifest.xml:29:13-78
206            android:exported="true"
206-->[com.google.firebase:firebase-messaging:21.1.0] AndroidManifest.xml:30:13-36
207            android:permission="com.google.android.c2dm.permission.SEND" >
207-->[com.google.firebase:firebase-messaging:21.1.0] AndroidManifest.xml:31:13-73
208            <intent-filter>
208-->[:react-native-firebase_messaging] AndroidManifest.xml:27:13-29:29
209                <action android:name="com.google.android.c2dm.intent.RECEIVE" />
209-->src/main/AndroidManifest.xml:22:5-69
209-->src/main/AndroidManifest.xml:22:13-66
210            </intent-filter>
211        </receiver>
212        <!--
213             FirebaseMessagingService performs security checks at runtime,
214             but set to not exported to explicitly avoid allowing another app to call it.
215        -->
216        <service
216-->[com.google.firebase:firebase-messaging:21.1.0] AndroidManifest.xml:41:9-48:19
217            android:name="com.google.firebase.messaging.FirebaseMessagingService"
217-->[com.google.firebase:firebase-messaging:21.1.0] AndroidManifest.xml:42:13-82
218            android:directBootAware="true"
218-->[com.google.firebase:firebase-messaging:21.1.0] AndroidManifest.xml:43:13-43
219            android:exported="false" >
219-->[com.google.firebase:firebase-messaging:21.1.0] AndroidManifest.xml:44:13-37
220            <intent-filter android:priority="-500" >
220-->src/main/AndroidManifest.xml:34:4-36:20
221                <action android:name="com.google.firebase.MESSAGING_EVENT" />
221-->src/main/AndroidManifest.xml:35:5-66
221-->src/main/AndroidManifest.xml:35:13-63
222            </intent-filter>
223        </service>
224        <service
224-->[com.google.android.datatransport:transport-backend-cct:2.3.3] AndroidManifest.xml:29:9-35:19
225            android:name="com.google.android.datatransport.runtime.backends.TransportBackendDiscovery"
225-->[com.google.android.datatransport:transport-backend-cct:2.3.3] AndroidManifest.xml:30:13-103
226            android:exported="false" >
226-->[com.google.android.datatransport:transport-backend-cct:2.3.3] AndroidManifest.xml:31:13-37
227            <meta-data
227-->[com.google.android.datatransport:transport-backend-cct:2.3.3] AndroidManifest.xml:32:13-34:39
228                android:name="backend:com.google.android.datatransport.cct.CctBackendFactory"
228-->[com.google.android.datatransport:transport-backend-cct:2.3.3] AndroidManifest.xml:33:17-94
229                android:value="cct" />
229-->[com.google.android.datatransport:transport-backend-cct:2.3.3] AndroidManifest.xml:34:17-36
230        </service>
231        <service
231-->[com.google.android.datatransport:transport-runtime:2.2.5] AndroidManifest.xml:26:9-30:19
232            android:name="com.google.android.datatransport.runtime.scheduling.jobscheduling.JobInfoSchedulerService"
232-->[com.google.android.datatransport:transport-runtime:2.2.5] AndroidManifest.xml:27:13-117
233            android:exported="false"
233-->[com.google.android.datatransport:transport-runtime:2.2.5] AndroidManifest.xml:28:13-37
234            android:permission="android.permission.BIND_JOB_SERVICE" >
234-->[com.google.android.datatransport:transport-runtime:2.2.5] AndroidManifest.xml:29:13-69
235        </service>
236
237        <receiver
237-->[com.google.android.datatransport:transport-runtime:2.2.5] AndroidManifest.xml:32:9-34:40
238            android:name="com.google.android.datatransport.runtime.scheduling.jobscheduling.AlarmManagerSchedulerBroadcastReceiver"
238-->[com.google.android.datatransport:transport-runtime:2.2.5] AndroidManifest.xml:33:13-132
239            android:exported="false" />
239-->[com.google.android.datatransport:transport-runtime:2.2.5] AndroidManifest.xml:34:13-37
240
241        <activity
241-->[com.google.android.gms:play-services-auth:19.0.0] AndroidManifest.xml:23:9-27:75
242            android:name="com.google.android.gms.auth.api.signin.internal.SignInHubActivity"
242-->[com.google.android.gms:play-services-auth:19.0.0] AndroidManifest.xml:24:13-93
243            android:excludeFromRecents="true"
243-->[com.google.android.gms:play-services-auth:19.0.0] AndroidManifest.xml:25:13-46
244            android:exported="false"
244-->[com.google.android.gms:play-services-auth:19.0.0] AndroidManifest.xml:26:13-37
245            android:theme="@android:style/Theme.Translucent.NoTitleBar" />
245-->[com.google.android.gms:play-services-auth:19.0.0] AndroidManifest.xml:27:13-72
246        <!--
247            Service handling Google Sign-In user revocation. For apps that do not integrate with
248            Google Sign-In, this service will never be started.
249        -->
250        <service
250-->[com.google.android.gms:play-services-auth:19.0.0] AndroidManifest.xml:33:9-37:51
251            android:name="com.google.android.gms.auth.api.signin.RevocationBoundService"
251-->[com.google.android.gms:play-services-auth:19.0.0] AndroidManifest.xml:34:13-89
252            android:exported="true"
252-->[com.google.android.gms:play-services-auth:19.0.0] AndroidManifest.xml:35:13-36
253            android:permission="com.google.android.gms.auth.api.signin.permission.REVOCATION_NOTIFICATION"
253-->[com.google.android.gms:play-services-auth:19.0.0] AndroidManifest.xml:36:13-107
254            android:visibleToInstantApps="true" />
254-->[com.google.android.gms:play-services-auth:19.0.0] AndroidManifest.xml:37:13-48
255
256        <activity
256-->[com.google.firebase:firebase-auth:20.0.3] AndroidManifest.xml:27:9-44:20
257            android:name="com.google.firebase.auth.internal.GenericIdpActivity"
257-->[com.google.firebase:firebase-auth:20.0.3] AndroidManifest.xml:28:13-80
258            android:excludeFromRecents="true"
258-->[com.google.firebase:firebase-auth:20.0.3] AndroidManifest.xml:29:13-46
259            android:exported="true"
259-->[com.google.firebase:firebase-auth:20.0.3] AndroidManifest.xml:30:13-36
260            android:launchMode="singleTask"
260-->[com.google.firebase:firebase-auth:20.0.3] AndroidManifest.xml:31:13-44
261            android:theme="@android:style/Theme.Translucent.NoTitleBar" >
261-->[com.google.firebase:firebase-auth:20.0.3] AndroidManifest.xml:32:13-72
262            <intent-filter>
262-->[com.google.firebase:firebase-auth:20.0.3] AndroidManifest.xml:33:13-43:29